# JRE version: OpenJDK Runtime Environment Homebrew (25.0.1) (build 25.0.1)
# Java VM: OpenJDK 64-Bit Server VM Homebrew (25.0.1, mixed mode, sharing, tiered, compressed oops, compressed class ptrs, g1 gc, bsd-aarch64)
GC Precious Log:
 CardTable entry size: 512
 Card Set container configuration: InlinePtr #cards 5 size 8 Array Of Cards #cards 10 size 36 Howl #buckets 4 coarsen threshold 1843 Howl Bitmap #cards 512 size 80 coarsen threshold 460 Card regions per heap region 1 cards per card region 2048
 CPUs: 8 total, 8 available
 Memory: 16384M
 Large Page Support: Disabled
 NUMA Support: Disabled
 Compressed Oops: Enabled (Zero based)
 Heap Region Size: 1M
 Heap Min Capacity: 8M
 Heap Initial Capacity: 256M
 Heap Max Capacity: 1G
 Pre-touch: Disabled
 Parallel Workers: 8
 Concurrent Workers: 2
 Concurrent Refinement Workers: 8
 Periodic GC: Disabled
Heap:
 garbage-first heap   total reserved 1048576K, committed 222208K, used 121046K [0x00000007c0000000, 0x0000000800000000)
  region size 1024K, 43 young (44032K), 1 survivors (1024K)
GC Heap Usage History (20 events):
Event: 3500.026 {heap Before GC invocations=81 (full 16):
 garbage-first heap   total reserved 1048576K, committed 222208K, used 206036K [0x00000007c0000000, 0x0000000800000000)
  region size 1024K, 125 young (128000K), 1 survivors (1024K)
}
Event: 3500.026 {heap After GC invocations=82 (full 16):
 garbage-first heap   total reserved 1048576K, committed 222208K, used 79064K [0x00000007c0000000, 0x0000000800000000)
  region size 1024K, 1 young (1024K), 1 survivors (1024K)
}
Event: 3500.186 {heap Before GC invocations=82 (full 16):
 garbage-first heap   total reserved 1048576K, committed 222208K, used 206040K [0x00000007c0000000, 0x0000000800000000)
  region size 1024K, 125 young (128000K), 1 survivors (1024K)
}
Event: 3500.187 {heap After GC invocations=83 (full 16):
 garbage-first heap   total reserved 1048576K, committed 222208K, used 79062K [0x00000007c0000000, 0x0000000800000000)
  region size 1024K, 1 young (1024K), 1 survivors (1024K)
}
Event: 3500.342 {heap Before GC invocations=83 (full 16):
 garbage-first heap   total reserved 1048576K, committed 222208K, used 206038K [0x00000007c0000000, 0x0000000800000000)
  region size 1024K, 125 young (128000K), 1 survivors (1024K)
}
Event: 3500.342 {heap After GC invocations=84 (full 16):
 garbage-first heap   total reserved 1048576K, committed 222208K, used 79060K [0x00000007c0000000, 0x0000000800000000)
  region size 1024K, 1 young (1024K), 1 survivors (1024K)
}
Event: 3500.500 {heap Before GC invocations=84 (full 16):
 garbage-first heap   total reserved 1048576K, committed 222208K, used 206036K [0x00000007c0000000, 0x0000000800000000)
  region size 1024K, 125 young (128000K), 1 survivors (1024K)
}
Event: 3500.501 {heap After GC invocations=85 (full 16):
 garbage-first heap   total reserved 1048576K, committed 222208K, used 79064K [0x00000007c0000000, 0x0000000800000000)
  region size 1024K, 1 young (1024K), 1 survivors (1024K)
}
Event: 3500.655 {heap Before GC invocations=85 (full 16):
 garbage-first heap   total reserved 1048576K, committed 222208K, used 206040K [0x00000007c0000000, 0x0000000800000000)
  region size 1024K, 125 young (128000K), 1 survivors (1024K)
}
Event: 3500.656 {heap After GC invocations=86 (full 16):
 garbage-first heap   total reserved 1048576K, committed 222208K, used 79068K [0x00000007c0000000, 0x0000000800000000)
  region size 1024K, 1 young (1024K), 1 survivors (1024K)
}
Event: 3500.816 {heap Before GC invocations=86 (full 16):
 garbage-first heap   total reserved 1048576K, committed 222208K, used 206044K [0x00000007c0000000, 0x0000000800000000)
  region size 1024K, 125 young (128000K), 1 survivors (1024K)
}
Event: 3500.817 {heap After GC invocations=87 (full 16):
 garbage-first heap   total reserved 1048576K, committed 222208K, used 79064K [0x00000007c0000000, 0x0000000800000000)
  region size 1024K, 1 young (1024K), 1 survivors (1024K)
}
Event: 3500.977 {heap Before GC invocations=87 (full 16):
 garbage-first heap   total reserved 1048576K, committed 222208K, used 206040K [0x00000007c0000000, 0x0000000800000000)
  region size 1024K, 125 young (128000K), 1 survivors (1024K)
}
Event: 3500.977 {heap After GC invocations=88 (full 16):
 garbage-first heap   total reserved 1048576K, committed 222208K, used 79053K [0x00000007c0000000, 0x0000000800000000)
  region size 1024K, 1 young (1024K), 1 survivors (1024K)
}
Event: 3501.134 {heap Before GC invocations=88 (full 16):
 garbage-first heap   total reserved 1048576K, committed 222208K, used 206029K [0x00000007c0000000, 0x0000000800000000)
  region size 1024K, 125 young (128000K), 1 survivors (1024K)
}
Event: 3501.134 {heap After GC invocations=89 (full 16):
 garbage-first heap   total reserved 1048576K, committed 222208K, used 79055K [0x00000007c0000000, 0x0000000800000000)
  region size 1024K, 1 young (1024K), 1 survivors (1024K)
}
Event: 3501.292 {heap Before GC invocations=89 (full 16):
 garbage-first heap   total reserved 1048576K, committed 222208K, used 206031K [0x00000007c0000000, 0x0000000800000000)
  region size 1024K, 125 young (128000K), 1 survivors (1024K)
}
Event: 3501.292 {heap After GC invocations=90 (full 16):
 garbage-first heap   total reserved 1048576K, committed 222208K, used 79060K [0x00000007c0000000, 0x0000000800000000)
  region size 1024K, 1 young (1024K), 1 survivors (1024K)
}
Event: 3501.448 {heap Before GC invocations=90 (full 16):
 garbage-first heap   total reserved 1048576K, committed 222208K, used 206036K [0x00000007c0000000, 0x0000000800000000)
  region size 1024K, 125 young (128000K), 1 survivors (1024K)
}
Event: 3501.448 {heap After GC invocations=91 (full 16):
 garbage-first heap   total reserved 1048576K, committed 222208K, used 79062K [0x00000007c0000000, 0x0000000800000000)
  region size 1024K, 1 young (1024K), 1 survivors (1024K)
}

