# JRE version: OpenJDK Runtime Environment Homebrew (25.0.1) (build 25.0.1)
# Java VM: OpenJDK 64-Bit Server VM Homebrew (25.0.1, mixed mode, sharing, tiered, compressed oops, compressed class ptrs, g1 gc, bsd-aarch64)
GC Precious Log:
 CardTable entry size: 512
 Card Set container configuration: InlinePtr #cards 5 size 8 Array Of Cards #cards 10 size 36 Howl #buckets 4 coarsen threshold 1843 Howl Bitmap #cards 512 size 80 coarsen threshold 460 Card regions per heap region 1 cards per card region 2048
 CPUs: 8 total, 8 available
 Memory: 16384M
 Large Page Support: Disabled
 NUMA Support: Disabled
 Compressed Oops: Enabled (Zero based)
 Heap Region Size: 1M
 Heap Min Capacity: 8M
 Heap Initial Capacity: 256M
 Heap Max Capacity: 1G
 Pre-touch: Disabled
 Parallel Workers: 8
 Concurrent Workers: 2
 Concurrent Refinement Workers: 8
 Periodic GC: Disabled
Heap:
 garbage-first heap   total reserved 1048576K, committed 273408K, used 79816K [0x00000007c0000000, 0x0000000800000000)
  region size 1024K, 1 young (1024K), 0 survivors (0K)
GC Heap Usage History (20 events):
Event: 3.074 {heap Before GC invocations=26 (full 5):
 garbage-first heap   total reserved 1048576K, committed 307200K, used 264569K [0x00000007c0000000, 0x0000000800000000)
  region size 1024K, 177 young (181248K), 5 survivors (5120K)
}
Event: 3.076 {heap After GC invocations=27 (full 5):
 garbage-first heap   total reserved 1048576K, committed 307200K, used 88190K [0x00000007c0000000, 0x0000000800000000)
  region size 1024K, 5 young (5120K), 5 survivors (5120K)
}
Event: 3.332 {heap Before GC invocations=27 (full 5):
 garbage-first heap   total reserved 1048576K, committed 307200K, used 267390K [0x00000007c0000000, 0x0000000800000000)
  region size 1024K, 180 young (184320K), 5 survivors (5120K)
}
Event: 3.334 {heap After GC invocations=28 (full 5):
 garbage-first heap   total reserved 1048576K, committed 307200K, used 88441K [0x00000007c0000000, 0x0000000800000000)
  region size 1024K, 5 young (5120K), 5 survivors (5120K)
}
Event: 3.502 {heap Before GC invocations=28 (full 5):
 garbage-first heap   total reserved 1048576K, committed 307200K, used 267641K [0x00000007c0000000, 0x0000000800000000)
  region size 1024K, 180 young (184320K), 5 survivors (5120K)
}
Event: 3.503 {heap After GC invocations=29 (full 5):
 garbage-first heap   total reserved 1048576K, committed 307200K, used 88333K [0x00000007c0000000, 0x0000000800000000)
  region size 1024K, 5 young (5120K), 5 survivors (5120K)
}
Event: 3.644 {heap Before GC invocations=29 (full 5):
 garbage-first heap   total reserved 1048576K, committed 307200K, used 267533K [0x00000007c0000000, 0x0000000800000000)
  region size 1024K, 180 young (184320K), 5 survivors (5120K)
}
Event: 3.646 {heap After GC invocations=30 (full 5):
 garbage-first heap   total reserved 1048576K, committed 307200K, used 88066K [0x00000007c0000000, 0x0000000800000000)
  region size 1024K, 5 young (5120K), 5 survivors (5120K)
}
Event: 3.757 {heap Before GC invocations=30 (full 5):
 garbage-first heap   total reserved 1048576K, committed 307200K, used 267266K [0x00000007c0000000, 0x0000000800000000)
  region size 1024K, 180 young (184320K), 5 survivors (5120K)
}
Event: 3.758 {heap After GC invocations=31 (full 5):
 garbage-first heap   total reserved 1048576K, committed 307200K, used 88194K [0x00000007c0000000, 0x0000000800000000)
  region size 1024K, 5 young (5120K), 5 survivors (5120K)
}
Event: 3.869 {heap Before GC invocations=31 (full 5):
 garbage-first heap   total reserved 1048576K, committed 307200K, used 267394K [0x00000007c0000000, 0x0000000800000000)
  region size 1024K, 180 young (184320K), 5 survivors (5120K)
}
Event: 3.871 {heap After GC invocations=32 (full 5):
 garbage-first heap   total reserved 1048576K, committed 307200K, used 88193K [0x00000007c0000000, 0x0000000800000000)
  region size 1024K, 5 young (5120K), 5 survivors (5120K)
}
Event: 3.976 {heap Before GC invocations=32 (full 5):
 garbage-first heap   total reserved 1048576K, committed 307200K, used 267393K [0x00000007c0000000, 0x0000000800000000)
  region size 1024K, 180 young (184320K), 5 survivors (5120K)
}
Event: 3.978 {heap After GC invocations=33 (full 5):
 garbage-first heap   total reserved 1048576K, committed 307200K, used 88322K [0x00000007c0000000, 0x0000000800000000)
  region size 1024K, 5 young (5120K), 5 survivors (5120K)
}
Event: 4.021 {heap Before GC invocations=33 (full 5):
 garbage-first heap   total reserved 1048576K, committed 307200K, used 105730K [0x00000007c0000000, 0x0000000800000000)
  region size 1024K, 23 young (23552K), 5 survivors (5120K)
}
Event: 4.055 {heap After GC invocations=34 (full 6):
 garbage-first heap   total reserved 1048576K, committed 276480K, used 79816K [0x00000007c0000000, 0x0000000800000000)
  region size 1024K, 0 young (0K), 0 survivors (0K)
}
Event: 4.486 {heap Before GC invocations=34 (full 6):
 garbage-first heap   total reserved 1048576K, committed 276480K, used 79816K [0x00000007c0000000, 0x0000000800000000)
  region size 1024K, 1 young (1024K), 0 survivors (0K)
}
Event: 4.516 {heap After GC invocations=35 (full 7):
 garbage-first heap   total reserved 1048576K, committed 273408K, used 79816K [0x00000007c0000000, 0x0000000800000000)
  region size 1024K, 0 young (0K), 0 survivors (0K)
}
Event: 5.582 {heap Before GC invocations=35 (full 7):
 garbage-first heap   total reserved 1048576K, committed 273408K, used 79816K [0x00000007c0000000, 0x0000000800000000)
  region size 1024K, 1 young (1024K), 0 survivors (0K)
}
Event: 5.614 {heap After GC invocations=36 (full 8):
 garbage-first heap   total reserved 1048576K, committed 273408K, used 79816K [0x00000007c0000000, 0x0000000800000000)
  region size 1024K, 0 young (0K), 0 survivors (0K)
}

